E:\VISUAL STUDIO 2012\MYPROJECTS\PROJECTS\SSB\SSB\DEBUG\BDS_INTERFACE.OBJ
E:\VISUAL STUDIO 2012\MYPROJECTS\PROJECTS\SSB\SSB\DEBUG\MAIN.OBJ
E:\VISUAL STUDIO 2012\MYPROJECTS\PROJECTS\SSB\SSB\DEBUG\VC110.PDB
E:\VISUAL STUDIO 2012\MYPROJECTS\PROJECTS\SSB\DEBUG\SSB.DLL
E:\VISUAL STUDIO 2012\MYPROJECTS\PROJECTS\SSB\DEBUG\SSB.PDB
E:\Visual Studio 2012\Myprojects\Projects\SSB\Debug\SSB.lib
E:\Visual Studio 2012\Myprojects\Projects\SSB\Debug\SSB.exp
E:\Visual Studio 2012\Myprojects\Projects\SSB\SSB\Debug\BDS_Interface.obj
E:\Visual Studio 2012\Myprojects\Projects\SSB\SSB\Debug\main.obj
E:\Visual Studio 2012\Myprojects\Projects\SSB\SSB\Debug\cl.command.1.tlog
E:\Visual Studio 2012\Myprojects\Projects\SSB\SSB\Debug\CL.read.1.tlog
E:\Visual Studio 2012\Myprojects\Projects\SSB\SSB\Debug\CL.write.1.tlog
E:\Visual Studio 2012\Myprojects\Projects\SSB\SSB\Debug\link-cvtres.read.1.tlog
E:\Visual Studio 2012\Myprojects\Projects\SSB\SSB\Debug\link-cvtres.write.1.tlog
E:\Visual Studio 2012\Myprojects\Projects\SSB\SSB\Debug\link-rc.read.1.tlog
E:\Visual Studio 2012\Myprojects\Projects\SSB\SSB\Debug\link-rc.write.1.tlog
E:\Visual Studio 2012\Myprojects\Projects\SSB\SSB\Debug\link.command.1.tlog
E:\Visual Studio 2012\Myprojects\Projects\SSB\SSB\Debug\link.read.1.tlog
E:\Visual Studio 2012\Myprojects\Projects\SSB\SSB\Debug\link.write.1.tlog
E:\Visual Studio 2012\Myprojects\Projects\SSB\SSB\Debug\SSB.write.1.tlog
E:\Visual Studio 2012\Myprojects\Projects\SSB\SSB\Debug\vc110.idb
E:\Visual Studio 2012\Myprojects\Projects\SSB\SSB\Debug\vc110.pdb
E:\Visual Studio 2012\Myprojects\Projects\SSB\Debug\SSB.pdb
E:\Visual Studio 2012\Myprojects\Projects\SSB\Debug\SSB.dll
